

HI-TECH Software 8051 Macro Assembler V9.60                                Page 1
                                                       Fri Mar 03 12:09:15 2023

     1                           	psect	idata,class=DATA,space=1,limit=080h
     2                           	psect	irdata,class=DATA,limit=080h
     3                           	global	_main
     4                           	signat	_main,88
     5                           	global	stack_internal
     6                           	psect	text,class=CODE
     7                           	psect	text
     8                           	file	"D:\Seg\project1\main.c"
     9                           	line	3
    10  00003                     _main:
    11  00003  80 7D              	j	f1411
    12  00005                     f1410:
    13                           ;main.c: 2: void main()
    14                           
    15                           ;main.c: 3: {
    16                           
    17                           ;	var   _i assigned to ?a_main+0
    18                           ;	var   _j assigned to ?a_main+1
    19                           	psect	data,class=CODE
    20                           	psect	data
    21  00100                     F158:
    22  00100  F9                 	db	(249)
    23  00101  A4                 	db	(164)
    24  00102  B0                 	db	(176)
    25  00103  99                 	db	(153)
    26  00104  92                 	db	(146)
    27  00105  82                 	db	(130)
    28  00106  F8                 	db	(248)
    29  00107  80                 	db	(128)
    30  00108  90                 	db	(144)
    31  00109  FF                 	db	(255)
    32  0010A  00                 	db	0
    33                           ;	var   _massiv assigned to ?a_main+2
    34                           ;main.c: 4: unsigned char i,j;
    35                           
    36                           ;main.c: 5: unsigned char massiv [11]=
    37                           
    38                           ;main.c: 6: {
    39                           
    40                           ;main.c: 7: 0xF9,
    41                           
    42                           ;main.c: 8: 0xA4,
    43                           
    44                           ;main.c: 9: 0xB0,
    45                           
    46                           ;main.c: 10: 0x99,
    47                           
    48                           ;main.c: 11: 0x92,
    49                           
    50                           ;main.c: 12: 0x82,
    51                           
    52                           ;main.c: 13: 0xF8,
    53                           
    54                           ;main.c: 14: 0x80,
    55                           
    56                           ;main.c: 15: 0x90,
    57                           
    58                           ;main.c: 16: 0xFF
    59                           
    60                           ;main.c: 17: };
    61                           
    62                           	psect	text
    63                           	line	17
    64  00005  78 01              	mov	r0,#high (F158)
    65  00007  79 00              	mov	r1,#low (F158)
    66  00009  7A 00              	mov	r2,#high (?a_main+2)
    67  0000B  7B 22              	mov	r3,#low (?a_main+2)
    68  0000D  7D 0B              	mov	r5,#low 11
    69  0000F  7C 00              	mov	r4,#high 11
    70                           	global	str_copy
    71  00011  12 009A            	lcall	str_copy
    72                           	psect	data
    73  0010B                     F162:
    74  0010B  90                 	db	(144)
    75  0010C  F9                 	db	(249)
    76  0010D  A4                 	db	(164)
    77  0010E  B0                 	db	(176)
    78  0010F  80                 	db	(128)
    79  00110  99                 	db	(153)
    80  00111  92                 	db	(146)
    81  00112  82                 	db	(130)
    82  00113  F8                 	db	(248)
    83  00114  FF                 	db	(255)
    84  00115  00                 	db	0
    85                           ;	var   _massiv2 assigned to ?a_main+13
    86                           ;main.c: 19: unsigned char massiv2[11] = {
    87                           
    88                           ;main.c: 20: 0x90,
    89                           
    90                           ;main.c: 21: 0xF9,
    91                           
    92                           ;main.c: 22: 0xA4,
    93                           
    94                           ;main.c: 23: 0xB0,
    95                           
    96                           ;main.c: 24: 0x80,
    97                           
    98                           ;main.c: 25: 0x99,
    99                           
   100                           ;main.c: 26: 0x92,
   101                           
   102                           ;main.c: 27: 0x82,
   103                           
   104                           ;main.c: 28: 0xF8,
   105                           
   106                           ;main.c: 29: 0xFF
   107                           
   108                           ;main.c: 30: };
   109                           
   110                           	psect	text
   111                           	line	30
   112  00014  78 01              	mov	r0,#high (F162)
   113  00016  79 0B              	mov	r1,#low (F162)
   114  00018  7A 00              	mov	r2,#high (?a_main+13)
   115  0001A  7B 2D              	mov	r3,#low (?a_main+13)
   116  0001C  7D 0B              	mov	r5,#low 11
   117  0001E  7C 00              	mov	r4,#high 11
   118                           	global	str_copy
   119  00020  12 009A            	lcall	str_copy
   120                           ;main.c: 33: P1 = 0x00;
   121                           
   122                           	line	33
   123  00023  75 90 00           	mov	090h,#0
   124                           ;main.c: 35: for(i=0;i<10;i++)
   125                           
   126                           	line	35
   127  00026  75 20  00          	mov	?a_main+0,#0
   128  00029  E5 20              	mov	a,?a_main+0
   129  0002B  24 F6              	add	a,#-0Ah
   130  0002D  50 02              	bnc	u11
   131  0002F  80 02              	jmp	u10
   132  00031                     u11:
   133  00031  80 02              	jmp	l5
   134  00033                     u10:
   135  00033  80 46              	jmp	l6
   136                           	line	36
   137  00035                     l5:
   138                           ;main.c: 36: {
   139                           
   140                           ;main.c: 38: if (P10 > 0) {
   141                           
   142                           	line	38
   143  00035  30 90 02           	bnb	p1.0, u21
   144  00038  80 02              	jmp	u20
   145  0003A                     u21:
   146  0003A  80 0C              	jmp	l8
   147  0003C                     u20:
   148                           ;main.c: 39: P2 = massiv2[i];
   149                           
   150                           	line	39
   151  0003C  74 2D              	mov	a,#?a_main+13
   152  0003E  A9 20              	mov	r1,?a_main+0
   153  00040  78 00              	mov	r0,#0
   154  00042  29                 	add	a,r1
   155  00043  F9                 	mov	r1,a
   156  00044  87 A0              	mov	0A0h,@r1
   157                           ;main.c: 40: } else {
   158                           
   159                           	line	40
   160  00046  80 0A              	jmp	l9
   161  00048                     l8:
   162                           ;main.c: 41: P2=massiv[i];
   163                           
   164                           	line	41
   165  00048  74 22              	mov	a,#?a_main+2
   166  0004A  A9 20              	mov	r1,?a_main+0
   167  0004C  78 00              	mov	r0,#0
   168  0004E  29                 	add	a,r1
   169  0004F  F9                 	mov	r1,a
   170  00050  87 A0              	mov	0A0h,@r1
   171                           	line	42
   172  00052                     l9:
   173                           ;main.c: 42: }
   174                           
   175                           ;main.c: 45: for(j=0;j<100;j++)
   176                           
   177                           	line	45
   178  00052  75 21  00          	mov	?a_main+1,#0
   179  00055  E5 21              	mov	a,?a_main+1
   180  00057  24 9C              	add	a,#-064h
   181  00059  50 02              	bnc	u31
   182  0005B  80 02              	jmp	u30
   183  0005D                     u31:
   184  0005D  80 02              	jmp	l10
   185  0005F                     u30:
   186  0005F  80 0E              	jmp	l11
   187                           	line	47
   188  00061                     l10:
   189                           ;main.c: 47: continue;
   190                           
   191  00061  80 00              	jmp	l12
   192                           	line	45
   193  00063                     l12:
   194  00063  05 21              	inc	?a_main+1
   195  00065  E5 21              	mov	a,?a_main+1
   196  00067  24 9C              	add	a,#-064h
   197  00069  50 02              	bnc	u41
   198  0006B  80 02              	jmp	u40
   199  0006D                     u41:
   200  0006D  80 F2              	jmp	l10
   201  0006F                     u40:
   202  0006F                     l11:
   203                           	line	35
   204  0006F  05 20              	inc	?a_main+0
   205  00071  E5 20              	mov	a,?a_main+0
   206  00073  24 F6              	add	a,#-0Ah
   207  00075  50 02              	bnc	u51
   208  00077  80 02              	jmp	u50
   209  00079                     u51:
   210  00079  80 BA              	jmp	l5
   211  0007B                     u50:
   212  0007B                     l6:
   213                           ;main.c: 48: }
   214                           
   215                           ;main.c: 49: P2=massiv[10];
   216                           
   217                           	line	49
   218  0007B  79 2C              	mov	r1,#?a_main+2+0Ah
   219  0007D  87 A0              	mov	0A0h,@r1
   220                           ;main.c: 50: while(1);
   221                           
   222                           	line	50
   223  0007F                     l14:
   224  0007F                     l13:
   225  0007F  80 FE              	jmp	l14
   226  00081                     l15:
   227                           ;main.c: 51: }
   228                           
   229                           	line	51
   230  00081                     l4:
   231  00081  22                 	ret
   232  00082                     f1411:
   233  00082  80 81              	j	f1410
   234                           	FNSIZE	_main,24,0
   235                           	global	?a_main
   236  0000                     f1412	equ	0
   237  0000                     _A10	equ	162
   238  0000                     _A11	equ	163
   239  0000                     _A12	equ	164
   240  0000                     _A13	equ	165
   241  0000                     _A14	equ	166
   242  0000                     _A15	equ	167
   243  0000                     _A8	equ	160
   244  0000                     _A9	equ	161
   245  0000                     _AC	equ	214
   246  0000                     _ACC0	equ	224
   247  0000                     _ACC1	equ	225
   248  0000                     _ACC2	equ	226
   249  0000                     _ACC3	equ	227
   250  0000                     _ACC4	equ	228
   251  0000                     _ACC5	equ	229
   252  0000                     _ACC6	equ	230
   253  0000                     _ACC7	equ	231
   254  0000                     _AD0	equ	128
   255  0000                     _AD1	equ	129
   256  0000                     _AD2	equ	130
   257  0000                     _AD3	equ	131
   258  0000                     _AD4	equ	132
   259  0000                     _AD5	equ	133
   260  0000                     _AD6	equ	134
   261  0000                     _AD7	equ	135
   262  0000                     _B0	equ	240
   263  0000                     _B1	equ	241
   264  0000                     _B2	equ	242
   265  0000                     _B3	equ	243
   266  0000                     _B4	equ	244
   267  0000                     _B5	equ	245
   268  0000                     _B6	equ	246
   269  0000                     _B7	equ	247
   270  0000                     _CY	equ	215
   271  0000                     _EA	equ	175
   272  0000                     _ES	equ	172
   273  0000                     _ET0	equ	169
   274  0000                     _ET1	equ	171
   275  0000                     _EX0	equ	168
   276  0000                     _EX1	equ	170
   277  0000                     _F0	equ	213
   278  0000                     _IE0	equ	137
   279  0000                     _IE1	equ	139
   280  0000                     _INT0	equ	178
   281  0000                     _INT1	equ	179
   282  0000                     _IT0	equ	136
   283  0000                     _IT1	equ	138
   284  0000                     _OV	equ	210
   285  0000                     _P	equ	208
   286  0000                     _P00	equ	128
   287  0000                     _P01	equ	129
   288  0000                     _P02	equ	130
   289  0000                     _P03	equ	131
   290  0000                     _P04	equ	132
   291  0000                     _P05	equ	133
   292  0000                     _P06	equ	134
   293  0000                     _P07	equ	135
   294  0000                     _P10	equ	144
   295  0000                     _P11	equ	145
   296  0000                     _P12	equ	146
   297  0000                     _P13	equ	147
   298  0000                     _P14	equ	148
   299  0000                     _P15	equ	149
   300  0000                     _P16	equ	150
   301  0000                     _P17	equ	151
   302  0000                     _P20	equ	160
   303  0000                     _P21	equ	161
   304  0000                     _P22	equ	162
   305  0000                     _P23	equ	163
   306  0000                     _P24	equ	164
   307  0000                     _P25	equ	165
   308  0000                     _P26	equ	166
   309  0000                     _P27	equ	167
   310  0000                     _P30	equ	176
   311  0000                     _P31	equ	177
   312  0000                     _P32	equ	178
   313  0000                     _P33	equ	179
   314  0000                     _P34	equ	180
   315  0000                     _P35	equ	181
   316  0000                     _P36	equ	182
   317  0000                     _P37	equ	183
   318  0000                     _PS	equ	188
   319  0000                     _PT0	equ	185
   320  0000                     _PT1	equ	187
   321  0000                     _PX0	equ	184
   322  0000                     _PX1	equ	186
   323  0000                     _RB8	equ	154
   324  0000                     _RD	equ	183
   325  0000                     _REN	equ	156
   326  0000                     _RI	equ	152
   327  0000                     _RS0	equ	211
   328  0000                     _RS1	equ	212
   329  0000                     _RXD	equ	176
   330  0000                     _SM0	equ	159
   331  0000                     _SM1	equ	158
   332  0000                     _SM2	equ	157
   333  0000                     _T0	equ	180
   334  0000                     _T1	equ	181
   335  0000                     _TB8	equ	155
   336  0000                     _TF0	equ	141
   337  0000                     _TF1	equ	143
   338  0000                     _TI	equ	153
   339  0000                     _TR0	equ	140
   340  0000                     _TR1	equ	142
   341  0000                     _TXD	equ	177
   342  0000                     _WR	equ	182
   343  0000                     _ACC	equ	224
   344  0000                     _B	equ	240
   345  0000                     _DPH	equ	131
   346  0000                     _DPL	equ	130
   347  0000                     _IE	equ	168
   348  0000                     _IP	equ	184
   349  0000                     _P0	equ	128
   350  0000                     _P1	equ	144
   351  0000                     _P2	equ	160
   352  0000                     _P3	equ	176
   353  0000                     _PCON	equ	135
   354  0000                     _PSW	equ	208
   355  0000                     _SBUF	equ	153
   356  0000                     _SCON	equ	152
   357  0000                     _SP	equ	129
   358  0000                     _TCON	equ	136
   359  0000                     _TH0	equ	140
   360  0000                     _TH1	equ	141
   361  0000                     _TL0	equ	138
   362  0000                     _TL1	equ	139
   363  0000                     _TMOD	equ	137
   364  0000                     _ACC_BITS	equ	224
   365  0000                     _B_BITS	equ	240
   366  0000                     _IE_BITS	equ	168
   367  0000                     _IP_BITS	equ	184
   368  0000                     _P0_BITS	equ	128
   369  0000                     _P1_BITS	equ	144
   370  0000                     _P2_BITS	equ	160
   371  0000                     _P3_BITS	equ	176
   372  0000                     _PCON_BITS	equ	135
   373  0000                     _PSW_BITS	equ	208
   374  0000                     _SCON_BITS	equ	152
   375  0000                     _TCON_BITS	equ	136
   376  0000                     _TMOD_BITS	equ	137


HI-TECH Software 8051 Macro Assembler V9.60                                Page 2
Symbol Table                                           Fri Mar 03 12:09:15 2023

       ?a_main 00020              _B 000F0              l4 00081  
            l5 00035              _P 000D0              l6 0007B  
            l8 00048              l9 00052             _B0 000F0  
           _B1 000F1             _B2 000F2             _B3 000F3  
           _B4 000F4             _B5 000F5             _B6 000F6  
           _A8 000A0             _B7 000F7             _A9 000A1  
           _F0 000D5             _AC 000D6             l10 00061  
           l11 0006F             l12 00063             l13 0007F  
           l14 0007F             _EA 000AF             l15 00081  
           _P0 00080             _P1 00090             _P2 000A0  
           _P3 000B0             _IE 000A8             _T0 000B4  
           _T1 000B5             _ES 000AC             _CY 000D7  
           _IP 000B8             _RD 000B7             u10 00033  
           u11 00031             u20 0003C             _RI 00098  
           u21 0003A             u30 0005F             u31 0005D  
           u40 0006F             _TI 00099             u41 0006D  
           u50 0007B             _PS 000BC             u51 00079  
           _OV 000D2             _SP 00081             _WR 000B6  
       _B_BITS 000F0            F162 0010B            F158 00100  
          _A10 000A2            _A11 000A3            _A12 000A4  
          _A13 000A5            _A14 000A6            _A15 000A7  
          _AD0 00080            _AD1 00081            _AD2 00082  
          _AD3 00083            _AD4 00084            _AD5 00085  
          _AD6 00086            _AD7 00087            _ACC 000E0  
          _P00 00080            _P01 00081            _P10 00090  
          _P02 00082            _P11 00091            _P03 00083  
          _P20 000A0            _P12 00092            _P04 00084  
          _P21 000A1            _P13 00093            _P05 00085  
          _P30 000B0            _P22 000A2            _P14 00094  
          _P06 00086            _P31 000B1            _P23 000A3  
          _P15 00095            _P07 00087            _P32 000B2  
          _P24 000A4            _P16 00096            _P33 000B3  
          _P25 000A5            _P17 00097            _P34 000B4  
          _P26 000A6            _P35 000B5            _P27 000A7  
          _P36 000B6            _P37 000B7            _IE0 00089  
          _IE1 0008B            _ET0 000A9            _ET1 000AB  
          _EX0 000A8            _EX1 000AA            _DPH 00083  
          _DPL 00082            _IT0 00088            _IT1 0008A  
          _RB8 0009A            _TF0 0008D            _TB8 0009B  
          _TF1 0008F            _TH0 0008C            _TH1 0008D  
          _SM0 0009F            _SM1 0009E            _TL0 0008A  
          _SM2 0009D            _PT0 000B9            _TL1 0008B  
          _PT1 000BB            _RS0 000D3            _RS1 000D4  
          _REN 0009C            _PX0 000B8            _PX1 000BA  
          _TR0 0008C            _TR1 0008E            _RXD 000B0  
          _PSW 000D0            _TXD 000B1        _P0_BITS 00080  
      _P1_BITS 00090        _P2_BITS 000A0        _P3_BITS 000B0  
      _IE_BITS 000A8       _ACC_BITS 000E0        _IP_BITS 000B8  
         f1410 00005           f1411 00082           f1412 00000  
         _ACC0 000E0           _ACC1 000E1           _ACC2 000E2  
         _ACC3 000E3           _ACC4 000E4           _ACC5 000E5  
         _ACC6 000E6           _ACC7 000E7  stack_internal 00001  
         _INT0 000B2           _INT1 000B3           _PCON 00087  
         _SCON 00098           _SBUF 00099           _TCON 00088  
         _TMOD 00089           _main 00003       _PSW_BITS 000D0  
    _PCON_BITS 00087      _SCON_BITS 00098      _TCON_BITS 00088  
      str_copy 0009A      _TMOD_BITS 00089  
